CRITICAL - 2022-04-27 04:39:16 --> Undefined variable: tipusF
#0 C:\xampp\htdocs\UF2-ACTFinal\app\Views\app\index.php(31): CodeIgniter\Debug\Exceptions->errorHandler(8, 'Undefined varia...', 'C:\\xampp\\htdocs...', 31, Array)
#1 C:\xampp\htdocs\UF2-ACTFinal\system\View\View.php(210): include('C:\\xampp\\htdocs...')
#2 C:\xampp\htdocs\UF2-ACTFinal\system\View\View.php(213): CodeIgniter\View\View->CodeIgniter\View\{closure}()
#3 C:\xampp\htdocs\UF2-ACTFinal\system\Common.php(1089): CodeIgniter\View\View->render('app/index', Array, true)
#4 C:\xampp\htdocs\UF2-ACTFinal\app\Controllers\Dashboard.php(22): view('app/index')
#5 C:\xampp\htdocs\UF2-ACTFinal\system\CodeIgniter.php(832): App\Controllers\Dashboard->index()
#6 C:\xampp\htdocs\UF2-ACTFinal\system\CodeIgniter.php(419): CodeIgniter\CodeIgniter->runController(Object(App\Controllers\Dashboard))
#7 C:\xampp\htdocs\UF2-ACTFinal\system\CodeIgniter.php(326): CodeIgniter\CodeIgniter->handleRequest(NULL, Object(Config\Cache), false)
#8 C:\xampp\htdocs\UF2-ACTFinal\public\index.php(37): CodeIgniter\CodeIgniter->run()
#9 {main}
CRITICAL - 2022-04-27 05:01:21 --> Undefined variable: dades
#0 C:\xampp\htdocs\UF2-ACTFinal\app\Views\app\index.php(33): CodeIgniter\Debug\Exceptions->errorHandler(8, 'Undefined varia...', 'C:\\xampp\\htdocs...', 33, Array)
#1 C:\xampp\htdocs\UF2-ACTFinal\system\View\View.php(210): include('C:\\xampp\\htdocs...')
#2 C:\xampp\htdocs\UF2-ACTFinal\system\View\View.php(213): CodeIgniter\View\View->CodeIgniter\View\{closure}()
#3 C:\xampp\htdocs\UF2-ACTFinal\system\Common.php(1089): CodeIgniter\View\View->render('app/index', Array, true)
#4 C:\xampp\htdocs\UF2-ACTFinal\app\Controllers\Dashboard.php(21): view('app/index', Array)
#5 C:\xampp\htdocs\UF2-ACTFinal\system\CodeIgniter.php(832): App\Controllers\Dashboard->index()
#6 C:\xampp\htdocs\UF2-ACTFinal\system\CodeIgniter.php(419): CodeIgniter\CodeIgniter->runController(Object(App\Controllers\Dashboard))
#7 C:\xampp\htdocs\UF2-ACTFinal\system\CodeIgniter.php(326): CodeIgniter\CodeIgniter->handleRequest(NULL, Object(Config\Cache), false)
#8 C:\xampp\htdocs\UF2-ACTFinal\public\index.php(37): CodeIgniter\CodeIgniter->run()
#9 {main}
CRITICAL - 2022-04-27 05:01:35 --> Undefined variable: tipusF
#0 C:\xampp\htdocs\UF2-ACTFinal\app\Views\app\index.php(34): CodeIgniter\Debug\Exceptions->errorHandler(8, 'Undefined varia...', 'C:\\xampp\\htdocs...', 34, Array)
#1 C:\xampp\htdocs\UF2-ACTFinal\system\View\View.php(210): include('C:\\xampp\\htdocs...')
#2 C:\xampp\htdocs\UF2-ACTFinal\system\View\View.php(213): CodeIgniter\View\View->CodeIgniter\View\{closure}()
#3 C:\xampp\htdocs\UF2-ACTFinal\system\Common.php(1089): CodeIgniter\View\View->render('app/index', Array, true)
#4 C:\xampp\htdocs\UF2-ACTFinal\app\Controllers\Dashboard.php(21): view('app/index', Array)
#5 C:\xampp\htdocs\UF2-ACTFinal\system\CodeIgniter.php(832): App\Controllers\Dashboard->index()
#6 C:\xampp\htdocs\UF2-ACTFinal\system\CodeIgniter.php(419): CodeIgniter\CodeIgniter->runController(Object(App\Controllers\Dashboard))
#7 C:\xampp\htdocs\UF2-ACTFinal\system\CodeIgniter.php(326): CodeIgniter\CodeIgniter->handleRequest(NULL, Object(Config\Cache), false)
#8 C:\xampp\htdocs\UF2-ACTFinal\public\index.php(37): CodeIgniter\CodeIgniter->run()
#9 {main}
CRITICAL - 2022-04-27 05:01:38 --> Undefined variable: tipusF
#0 C:\xampp\htdocs\UF2-ACTFinal\app\Views\app\index.php(34): CodeIgniter\Debug\Exceptions->errorHandler(8, 'Undefined varia...', 'C:\\xampp\\htdocs...', 34, Array)
#1 C:\xampp\htdocs\UF2-ACTFinal\system\View\View.php(210): include('C:\\xampp\\htdocs...')
#2 C:\xampp\htdocs\UF2-ACTFinal\system\View\View.php(213): CodeIgniter\View\View->CodeIgniter\View\{closure}()
#3 C:\xampp\htdocs\UF2-ACTFinal\system\Common.php(1089): CodeIgniter\View\View->render('app/index', Array, true)
#4 C:\xampp\htdocs\UF2-ACTFinal\app\Controllers\Dashboard.php(21): view('app/index', Array)
#5 C:\xampp\htdocs\UF2-ACTFinal\system\CodeIgniter.php(832): App\Controllers\Dashboard->index()
#6 C:\xampp\htdocs\UF2-ACTFinal\system\CodeIgniter.php(419): CodeIgniter\CodeIgniter->runController(Object(App\Controllers\Dashboard))
#7 C:\xampp\htdocs\UF2-ACTFinal\system\CodeIgniter.php(326): CodeIgniter\CodeIgniter->handleRequest(NULL, Object(Config\Cache), false)
#8 C:\xampp\htdocs\UF2-ACTFinal\public\index.php(37): CodeIgniter\CodeIgniter->run()
#9 {main}
CRITICAL - 2022-04-27 05:01:52 --> Undefined variable: tipusF
#0 C:\xampp\htdocs\UF2-ACTFinal\app\Views\app\index.php(34): CodeIgniter\Debug\Exceptions->errorHandler(8, 'Undefined varia...', 'C:\\xampp\\htdocs...', 34, Array)
#1 C:\xampp\htdocs\UF2-ACTFinal\system\View\View.php(210): include('C:\\xampp\\htdocs...')
#2 C:\xampp\htdocs\UF2-ACTFinal\system\View\View.php(213): CodeIgniter\View\View->CodeIgniter\View\{closure}()
#3 C:\xampp\htdocs\UF2-ACTFinal\system\Common.php(1089): CodeIgniter\View\View->render('app/index', Array, true)
#4 C:\xampp\htdocs\UF2-ACTFinal\app\Controllers\Dashboard.php(21): view('app/index', Array)
#5 C:\xampp\htdocs\UF2-ACTFinal\system\CodeIgniter.php(832): App\Controllers\Dashboard->index()
#6 C:\xampp\htdocs\UF2-ACTFinal\system\CodeIgniter.php(419): CodeIgniter\CodeIgniter->runController(Object(App\Controllers\Dashboard))
#7 C:\xampp\htdocs\UF2-ACTFinal\system\CodeIgniter.php(326): CodeIgniter\CodeIgniter->handleRequest(NULL, Object(Config\Cache), false)
#8 C:\xampp\htdocs\UF2-ACTFinal\public\index.php(37): CodeIgniter\CodeIgniter->run()
#9 {main}
CRITICAL - 2022-04-27 05:04:53 --> Array to string conversion
#0 C:\xampp\htdocs\UF2-ACTFinal\app\Views\app\index.php(34): CodeIgniter\Debug\Exceptions->errorHandler(8, 'Array to string...', 'C:\\xampp\\htdocs...', 34, Array)
#1 C:\xampp\htdocs\UF2-ACTFinal\system\View\View.php(210): include('C:\\xampp\\htdocs...')
#2 C:\xampp\htdocs\UF2-ACTFinal\system\View\View.php(213): CodeIgniter\View\View->CodeIgniter\View\{closure}()
#3 C:\xampp\htdocs\UF2-ACTFinal\system\Common.php(1089): CodeIgniter\View\View->render('app/index', Array, true)
#4 C:\xampp\htdocs\UF2-ACTFinal\app\Controllers\Dashboard.php(21): view('app/index', Array)
#5 C:\xampp\htdocs\UF2-ACTFinal\system\CodeIgniter.php(832): App\Controllers\Dashboard->index()
#6 C:\xampp\htdocs\UF2-ACTFinal\system\CodeIgniter.php(419): CodeIgniter\CodeIgniter->runController(Object(App\Controllers\Dashboard))
#7 C:\xampp\htdocs\UF2-ACTFinal\system\CodeIgniter.php(326): CodeIgniter\CodeIgniter->handleRequest(NULL, Object(Config\Cache), false)
#8 C:\xampp\htdocs\UF2-ACTFinal\public\index.php(37): CodeIgniter\CodeIgniter->run()
#9 {main}
CRITICAL - 2022-04-27 05:05:58 --> Array to string conversion
#0 C:\xampp\htdocs\UF2-ACTFinal\app\Views\app\index.php(34): CodeIgniter\Debug\Exceptions->errorHandler(8, 'Array to string...', 'C:\\xampp\\htdocs...', 34, Array)
#1 C:\xampp\htdocs\UF2-ACTFinal\system\View\View.php(210): include('C:\\xampp\\htdocs...')
#2 C:\xampp\htdocs\UF2-ACTFinal\system\View\View.php(213): CodeIgniter\View\View->CodeIgniter\View\{closure}()
#3 C:\xampp\htdocs\UF2-ACTFinal\system\Common.php(1089): CodeIgniter\View\View->render('app/index', Array, true)
#4 C:\xampp\htdocs\UF2-ACTFinal\app\Controllers\Dashboard.php(21): view('app/index', Array)
#5 C:\xampp\htdocs\UF2-ACTFinal\system\CodeIgniter.php(832): App\Controllers\Dashboard->index()
#6 C:\xampp\htdocs\UF2-ACTFinal\system\CodeIgniter.php(419): CodeIgniter\CodeIgniter->runController(Object(App\Controllers\Dashboard))
#7 C:\xampp\htdocs\UF2-ACTFinal\system\CodeIgniter.php(326): CodeIgniter\CodeIgniter->handleRequest(NULL, Object(Config\Cache), false)
#8 C:\xampp\htdocs\UF2-ACTFinal\public\index.php(37): CodeIgniter\CodeIgniter->run()
#9 {main}
CRITICAL - 2022-04-27 05:06:37 --> Array to string conversion
#0 C:\xampp\htdocs\UF2-ACTFinal\app\Views\app\index.php(34): CodeIgniter\Debug\Exceptions->errorHandler(8, 'Array to string...', 'C:\\xampp\\htdocs...', 34, Array)
#1 C:\xampp\htdocs\UF2-ACTFinal\system\View\View.php(210): include('C:\\xampp\\htdocs...')
#2 C:\xampp\htdocs\UF2-ACTFinal\system\View\View.php(213): CodeIgniter\View\View->CodeIgniter\View\{closure}()
#3 C:\xampp\htdocs\UF2-ACTFinal\system\Common.php(1089): CodeIgniter\View\View->render('app/index', Array, true)
#4 C:\xampp\htdocs\UF2-ACTFinal\app\Controllers\Dashboard.php(21): view('app/index', Array)
#5 C:\xampp\htdocs\UF2-ACTFinal\system\CodeIgniter.php(832): App\Controllers\Dashboard->index()
#6 C:\xampp\htdocs\UF2-ACTFinal\system\CodeIgniter.php(419): CodeIgniter\CodeIgniter->runController(Object(App\Controllers\Dashboard))
#7 C:\xampp\htdocs\UF2-ACTFinal\system\CodeIgniter.php(326): CodeIgniter\CodeIgniter->handleRequest(NULL, Object(Config\Cache), false)
#8 C:\xampp\htdocs\UF2-ACTFinal\public\index.php(37): CodeIgniter\CodeIgniter->run()
#9 {main}
CRITICAL - 2022-04-27 10:35:30 --> Undefined variable: session
#0 C:\xampp\htdocs\UF2-ACTFinal\app\Controllers\Dashboard.php(17): CodeIgniter\Debug\Exceptions->errorHandler(8, 'Undefined varia...', 'C:\\xampp\\htdocs...', 17, Array)
#1 C:\xampp\htdocs\UF2-ACTFinal\system\CodeIgniter.php(832): App\Controllers\Dashboard->index()
#2 C:\xampp\htdocs\UF2-ACTFinal\system\CodeIgniter.php(419): CodeIgniter\CodeIgniter->runController(Object(App\Controllers\Dashboard))
#3 C:\xampp\htdocs\UF2-ACTFinal\system\CodeIgniter.php(326): CodeIgniter\CodeIgniter->handleRequest(NULL, Object(Config\Cache), false)
#4 C:\xampp\htdocs\UF2-ACTFinal\public\index.php(37): CodeIgniter\CodeIgniter->run()
#5 {main}
CRITICAL - 2022-04-27 10:49:14 --> Undefined variable: file
#0 C:\xampp\htdocs\UF2-ACTFinal\app\Views\app\index.php(62): CodeIgniter\Debug\Exceptions->errorHandler(8, 'Undefined varia...', 'C:\\xampp\\htdocs...', 62, Array)
#1 C:\xampp\htdocs\UF2-ACTFinal\system\View\View.php(210): include('C:\\xampp\\htdocs...')
#2 C:\xampp\htdocs\UF2-ACTFinal\system\View\View.php(213): CodeIgniter\View\View->CodeIgniter\View\{closure}()
#3 C:\xampp\htdocs\UF2-ACTFinal\system\Common.php(1089): CodeIgniter\View\View->render('app/index', Array, true)
#4 C:\xampp\htdocs\UF2-ACTFinal\app\Controllers\Dashboard.php(27): view('app/index', Array)
#5 C:\xampp\htdocs\UF2-ACTFinal\system\CodeIgniter.php(832): App\Controllers\Dashboard->index()
#6 C:\xampp\htdocs\UF2-ACTFinal\system\CodeIgniter.php(419): CodeIgniter\CodeIgniter->runController(Object(App\Controllers\Dashboard))
#7 C:\xampp\htdocs\UF2-ACTFinal\system\CodeIgniter.php(326): CodeIgniter\CodeIgniter->handleRequest(NULL, Object(Config\Cache), false)
#8 C:\xampp\htdocs\UF2-ACTFinal\public\index.php(37): CodeIgniter\CodeIgniter->run()
#9 {main}
CRITICAL - 2022-04-27 11:10:15 --> Class 'App\Controllers\File' not found
#0 C:\xampp\htdocs\UF2-ACTFinal\system\CodeIgniter.php(832): App\Controllers\Dashboard->upload()
#1 C:\xampp\htdocs\UF2-ACTFinal\system\CodeIgniter.php(419): CodeIgniter\CodeIgniter->runController(Object(App\Controllers\Dashboard))
#2 C:\xampp\htdocs\UF2-ACTFinal\system\CodeIgniter.php(326): CodeIgniter\CodeIgniter->handleRequest(NULL, Object(Config\Cache), false)
#3 C:\xampp\htdocs\UF2-ACTFinal\public\index.php(37): CodeIgniter\CodeIgniter->run()
#4 {main}
CRITICAL - 2022-04-27 11:10:38 --> Invalid file: app/dashboard.php
#0 C:\xampp\htdocs\UF2-ACTFinal\system\View\View.php(198): CodeIgniter\Exceptions\FrameworkException::forInvalidFile('app/dashboard.p...')
#1 C:\xampp\htdocs\UF2-ACTFinal\system\Common.php(1089): CodeIgniter\View\View->render('app/dashboard', Array, true)
#2 C:\xampp\htdocs\UF2-ACTFinal\app\Controllers\Dashboard.php(59): view('app/dashboard', Array)
#3 C:\xampp\htdocs\UF2-ACTFinal\system\CodeIgniter.php(832): App\Controllers\Dashboard->upload()
#4 C:\xampp\htdocs\UF2-ACTFinal\system\CodeIgniter.php(419): CodeIgniter\CodeIgniter->runController(Object(App\Controllers\Dashboard))
#5 C:\xampp\htdocs\UF2-ACTFinal\system\CodeIgniter.php(326): CodeIgniter\CodeIgniter->handleRequest(NULL, Object(Config\Cache), false)
#6 C:\xampp\htdocs\UF2-ACTFinal\public\index.php(37): CodeIgniter\CodeIgniter->run()
#7 {main}
CRITICAL - 2022-04-27 11:11:21 --> Invalid file: app/dashboard.php
#0 C:\xampp\htdocs\UF2-ACTFinal\system\View\View.php(198): CodeIgniter\Exceptions\FrameworkException::forInvalidFile('app/dashboard.p...')
#1 C:\xampp\htdocs\UF2-ACTFinal\system\Common.php(1089): CodeIgniter\View\View->render('app/dashboard', Array, true)
#2 C:\xampp\htdocs\UF2-ACTFinal\app\Controllers\Dashboard.php(59): view('app/dashboard', Array)
#3 C:\xampp\htdocs\UF2-ACTFinal\system\CodeIgniter.php(832): App\Controllers\Dashboard->upload()
#4 C:\xampp\htdocs\UF2-ACTFinal\system\CodeIgniter.php(419): CodeIgniter\CodeIgniter->runController(Object(App\Controllers\Dashboard))
#5 C:\xampp\htdocs\UF2-ACTFinal\system\CodeIgniter.php(326): CodeIgniter\CodeIgniter->handleRequest(NULL, Object(Config\Cache), false)
#6 C:\xampp\htdocs\UF2-ACTFinal\public\index.php(37): CodeIgniter\CodeIgniter->run()
#7 {main}
CRITICAL - 2022-04-27 11:11:22 --> Invalid file: app/dashboard.php
#0 C:\xampp\htdocs\UF2-ACTFinal\system\View\View.php(198): CodeIgniter\Exceptions\FrameworkException::forInvalidFile('app/dashboard.p...')
#1 C:\xampp\htdocs\UF2-ACTFinal\system\Common.php(1089): CodeIgniter\View\View->render('app/dashboard', Array, true)
#2 C:\xampp\htdocs\UF2-ACTFinal\app\Controllers\Dashboard.php(59): view('app/dashboard', Array)
#3 C:\xampp\htdocs\UF2-ACTFinal\system\CodeIgniter.php(832): App\Controllers\Dashboard->upload()
#4 C:\xampp\htdocs\UF2-ACTFinal\system\CodeIgniter.php(419): CodeIgniter\CodeIgniter->runController(Object(App\Controllers\Dashboard))
#5 C:\xampp\htdocs\UF2-ACTFinal\system\CodeIgniter.php(326): CodeIgniter\CodeIgniter->handleRequest(NULL, Object(Config\Cache), false)
#6 C:\xampp\htdocs\UF2-ACTFinal\public\index.php(37): CodeIgniter\CodeIgniter->run()
#7 {main}
CRITICAL - 2022-04-27 11:11:48 --> There is no data to insert.
#0 C:\xampp\htdocs\UF2-ACTFinal\system\BaseModel.php(718): CodeIgniter\Database\Exceptions\DataException::forEmptyDataset('insert')
#1 C:\xampp\htdocs\UF2-ACTFinal\system\Model.php(625): CodeIgniter\BaseModel->insert(Array, false)
#2 C:\xampp\htdocs\UF2-ACTFinal\system\BaseModel.php(658): CodeIgniter\Model->insert(Array, false)
#3 C:\xampp\htdocs\UF2-ACTFinal\app\Controllers\Dashboard.php(69): CodeIgniter\BaseModel->save(Array)
#4 C:\xampp\htdocs\UF2-ACTFinal\system\CodeIgniter.php(832): App\Controllers\Dashboard->upload()
#5 C:\xampp\htdocs\UF2-ACTFinal\system\CodeIgniter.php(419): CodeIgniter\CodeIgniter->runController(Object(App\Controllers\Dashboard))
#6 C:\xampp\htdocs\UF2-ACTFinal\system\CodeIgniter.php(326): CodeIgniter\CodeIgniter->handleRequest(NULL, Object(Config\Cache), false)
#7 C:\xampp\htdocs\UF2-ACTFinal\public\index.php(37): CodeIgniter\CodeIgniter->run()
#8 {main}
CRITICAL - 2022-04-27 11:15:24 --> Array to string conversion
#0 C:\xampp\htdocs\UF2-ACTFinal\app\Controllers\Dashboard.php(68): CodeIgniter\Debug\Exceptions->errorHandler(8, 'Array to string...', 'C:\\xampp\\htdocs...', 68, Array)
#1 C:\xampp\htdocs\UF2-ACTFinal\system\CodeIgniter.php(832): App\Controllers\Dashboard->upload()
#2 C:\xampp\htdocs\UF2-ACTFinal\system\CodeIgniter.php(419): CodeIgniter\CodeIgniter->runController(Object(App\Controllers\Dashboard))
#3 C:\xampp\htdocs\UF2-ACTFinal\system\CodeIgniter.php(326): CodeIgniter\CodeIgniter->handleRequest(NULL, Object(Config\Cache), false)
#4 C:\xampp\htdocs\UF2-ACTFinal\public\index.php(37): CodeIgniter\CodeIgniter->run()
#5 {main}
CRITICAL - 2022-04-27 11:38:21 --> Undefined variable: uploaded_flleinfo
#0 C:\xampp\htdocs\UF2-ACTFinal\app\Views\app\index.php(51): CodeIgniter\Debug\Exceptions->errorHandler(8, 'Undefined varia...', 'C:\\xampp\\htdocs...', 51, Array)
#1 C:\xampp\htdocs\UF2-ACTFinal\system\View\View.php(210): include('C:\\xampp\\htdocs...')
#2 C:\xampp\htdocs\UF2-ACTFinal\system\View\View.php(213): CodeIgniter\View\View->CodeIgniter\View\{closure}()
#3 C:\xampp\htdocs\UF2-ACTFinal\system\Common.php(1089): CodeIgniter\View\View->render('app/index', Array, true)
#4 C:\xampp\htdocs\UF2-ACTFinal\app\Controllers\Login.php(13): view('app/index')
#5 C:\xampp\htdocs\UF2-ACTFinal\system\CodeIgniter.php(832): App\Controllers\Login->index()
#6 C:\xampp\htdocs\UF2-ACTFinal\system\CodeIgniter.php(419): CodeIgniter\CodeIgniter->runController(Object(App\Controllers\Login))
#7 C:\xampp\htdocs\UF2-ACTFinal\system\CodeIgniter.php(326): CodeIgniter\CodeIgniter->handleRequest(NULL, Object(Config\Cache), false)
#8 C:\xampp\htdocs\UF2-ACTFinal\public\index.php(37): CodeIgniter\CodeIgniter->run()
#9 {main}
CRITICAL - 2022-04-27 11:43:25 --> Undefined variable: uploaded_flleinfo
#0 C:\xampp\htdocs\UF2-ACTFinal\app\Views\app\succes.php(13): CodeIgniter\Debug\Exceptions->errorHandler(8, 'Undefined varia...', 'C:\\xampp\\htdocs...', 13, Array)
#1 C:\xampp\htdocs\UF2-ACTFinal\system\View\View.php(210): include('C:\\xampp\\htdocs...')
#2 C:\xampp\htdocs\UF2-ACTFinal\system\View\View.php(213): CodeIgniter\View\View->CodeIgniter\View\{closure}()
#3 C:\xampp\htdocs\UF2-ACTFinal\system\Common.php(1089): CodeIgniter\View\View->render('app/succes', Array, true)
#4 C:\xampp\htdocs\UF2-ACTFinal\app\Controllers\Dashboard.php(76): view('app/succes', Array)
#5 C:\xampp\htdocs\UF2-ACTFinal\system\CodeIgniter.php(832): App\Controllers\Dashboard->upload()
#6 C:\xampp\htdocs\UF2-ACTFinal\system\CodeIgniter.php(419): CodeIgniter\CodeIgniter->runController(Object(App\Controllers\Dashboard))
#7 C:\xampp\htdocs\UF2-ACTFinal\system\CodeIgniter.php(326): CodeIgniter\CodeIgniter->handleRequest(NULL, Object(Config\Cache), false)
#8 C:\xampp\htdocs\UF2-ACTFinal\public\index.php(37): CodeIgniter\CodeIgniter->run()
#9 {main}
