CRITICAL - 2022-04-20 09:00:33 --> Class 'App\Controllers\UsuariModel' not found
#0 C:\xampp\htdocs\UF2-ACTFinal\system\CodeIgniter.php(832): App\Controllers\Home->rebreFormRegister()
#1 C:\xampp\htdocs\UF2-ACTFinal\system\CodeIgniter.php(419): CodeIgniter\CodeIgniter->runController(Object(App\Controllers\Home))
#2 C:\xampp\htdocs\UF2-ACTFinal\system\CodeIgniter.php(326): CodeIgniter\CodeIgniter->handleRequest(NULL, Object(Config\Cache), false)
#3 C:\xampp\htdocs\UF2-ACTFinal\public\index.php(37): CodeIgniter\CodeIgniter->run()
#4 {main}
CRITICAL - 2022-04-20 09:02:51 --> Invalid file: index.php
#0 C:\xampp\htdocs\UF2-ACTFinal\system\View\View.php(198): CodeIgniter\Exceptions\FrameworkException::forInvalidFile('index.php')
#1 C:\xampp\htdocs\UF2-ACTFinal\system\Common.php(1089): CodeIgniter\View\View->render('index', Array, true)
#2 C:\xampp\htdocs\UF2-ACTFinal\app\Controllers\Home.php(90): view('index', Array)
#3 C:\xampp\htdocs\UF2-ACTFinal\system\CodeIgniter.php(832): App\Controllers\Home->rebreFormRegister()
#4 C:\xampp\htdocs\UF2-ACTFinal\system\CodeIgniter.php(419): CodeIgniter\CodeIgniter->runController(Object(App\Controllers\Home))
#5 C:\xampp\htdocs\UF2-ACTFinal\system\CodeIgniter.php(326): CodeIgniter\CodeIgniter->handleRequest(NULL, Object(Config\Cache), false)
#6 C:\xampp\htdocs\UF2-ACTFinal\public\index.php(37): CodeIgniter\CodeIgniter->run()
#7 {main}
CRITICAL - 2022-04-20 09:05:02 --> Invalid file: index.php
#0 C:\xampp\htdocs\UF2-ACTFinal\system\View\View.php(198): CodeIgniter\Exceptions\FrameworkException::forInvalidFile('index.php')
#1 C:\xampp\htdocs\UF2-ACTFinal\system\Common.php(1089): CodeIgniter\View\View->render('index', Array, true)
#2 C:\xampp\htdocs\UF2-ACTFinal\app\Controllers\Home.php(46): view('index', Array)
#3 C:\xampp\htdocs\UF2-ACTFinal\system\CodeIgniter.php(832): App\Controllers\Home->rebreFormulari()
#4 C:\xampp\htdocs\UF2-ACTFinal\system\CodeIgniter.php(419): CodeIgniter\CodeIgniter->runController(Object(App\Controllers\Home))
#5 C:\xampp\htdocs\UF2-ACTFinal\system\CodeIgniter.php(326): CodeIgniter\CodeIgniter->handleRequest(NULL, Object(Config\Cache), false)
#6 C:\xampp\htdocs\UF2-ACTFinal\public\index.php(37): CodeIgniter\CodeIgniter->run()
#7 {main}
CRITICAL - 2022-04-20 09:19:02 --> Invalid file: index.php
#0 C:\xampp\htdocs\UF2-ACTFinal\system\View\View.php(198): CodeIgniter\Exceptions\FrameworkException::forInvalidFile('index.php')
#1 C:\xampp\htdocs\UF2-ACTFinal\system\Common.php(1089): CodeIgniter\View\View->render('index', Array, true)
#2 C:\xampp\htdocs\UF2-ACTFinal\app\Controllers\Home.php(46): view('index', Array)
#3 C:\xampp\htdocs\UF2-ACTFinal\system\CodeIgniter.php(832): App\Controllers\Home->rebreFormulari()
#4 C:\xampp\htdocs\UF2-ACTFinal\system\CodeIgniter.php(419): CodeIgniter\CodeIgniter->runController(Object(App\Controllers\Home))
#5 C:\xampp\htdocs\UF2-ACTFinal\system\CodeIgniter.php(326): CodeIgniter\CodeIgniter->handleRequest(NULL, Object(Config\Cache), false)
#6 C:\xampp\htdocs\UF2-ACTFinal\public\index.php(37): CodeIgniter\CodeIgniter->run()
#7 {main}
CRITICAL - 2022-04-20 09:21:27 --> Invalid file: index.php
#0 C:\xampp\htdocs\UF2-ACTFinal\system\View\View.php(198): CodeIgniter\Exceptions\FrameworkException::forInvalidFile('index.php')
#1 C:\xampp\htdocs\UF2-ACTFinal\system\Common.php(1089): CodeIgniter\View\View->render('index', Array, true)
#2 C:\xampp\htdocs\UF2-ACTFinal\app\Controllers\Home.php(47): view('index', Array)
#3 C:\xampp\htdocs\UF2-ACTFinal\system\CodeIgniter.php(832): App\Controllers\Home->rebreFormulari()
#4 C:\xampp\htdocs\UF2-ACTFinal\system\CodeIgniter.php(419): CodeIgniter\CodeIgniter->runController(Object(App\Controllers\Home))
#5 C:\xampp\htdocs\UF2-ACTFinal\system\CodeIgniter.php(326): CodeIgniter\CodeIgniter->handleRequest(NULL, Object(Config\Cache), false)
#6 C:\xampp\htdocs\UF2-ACTFinal\public\index.php(37): CodeIgniter\CodeIgniter->run()
#7 {main}
CRITICAL - 2022-04-20 20:54:42 --> The framework needs the following extension(s) installed and loaded: intl.
#0 C:\xampp\htdocs\UF2-ACTFinal-CodeIgniter\system\CodeIgniter.php(219): CodeIgniter\Exceptions\FrameworkException::forMissingExtension('intl')
#1 C:\xampp\htdocs\UF2-ACTFinal-CodeIgniter\system\CodeIgniter.php(177): CodeIgniter\CodeIgniter->resolvePlatformExtensions()
#2 C:\xampp\htdocs\UF2-ACTFinal-CodeIgniter\system\bootstrap.php(146): CodeIgniter\CodeIgniter->initialize()
#3 C:\xampp\htdocs\UF2-ACTFinal-CodeIgniter\public\index.php(28): require('C:\\xampp\\htdocs...')
#4 {main}
CRITICAL - 2022-04-20 20:55:47 --> The framework needs the following extension(s) installed and loaded: intl.
#0 C:\xampp\htdocs\UF2-ACTFinal-CodeIgniter\system\CodeIgniter.php(219): CodeIgniter\Exceptions\FrameworkException::forMissingExtension('intl')
#1 C:\xampp\htdocs\UF2-ACTFinal-CodeIgniter\system\CodeIgniter.php(177): CodeIgniter\CodeIgniter->resolvePlatformExtensions()
#2 C:\xampp\htdocs\UF2-ACTFinal-CodeIgniter\system\bootstrap.php(146): CodeIgniter\CodeIgniter->initialize()
#3 C:\xampp\htdocs\UF2-ACTFinal-CodeIgniter\public\index.php(28): require('C:\\xampp\\htdocs...')
#4 {main}
CRITICAL - 2022-04-20 20:55:49 --> The framework needs the following extension(s) installed and loaded: intl.
#0 C:\xampp\htdocs\UF2-ACTFinal-CodeIgniter\system\CodeIgniter.php(219): CodeIgniter\Exceptions\FrameworkException::forMissingExtension('intl')
#1 C:\xampp\htdocs\UF2-ACTFinal-CodeIgniter\system\CodeIgniter.php(177): CodeIgniter\CodeIgniter->resolvePlatformExtensions()
#2 C:\xampp\htdocs\UF2-ACTFinal-CodeIgniter\system\bootstrap.php(146): CodeIgniter\CodeIgniter->initialize()
#3 C:\xampp\htdocs\UF2-ACTFinal-CodeIgniter\public\index.php(28): require('C:\\xampp\\htdocs...')
#4 {main}
