ERROR - 2022-05-03 06:17:27 --> Unknown column 'codiU' in 'where clause'
CRITICAL - 2022-05-03 06:17:27 --> Unknown column 'codiU' in 'where clause'
#0 C:\xampp\htdocs\UF2-ACTFinal\system\Database\MySQLi\Connection.php(292): mysqli->query('SELECT *\nFROM `...', 0)
#1 C:\xampp\htdocs\UF2-ACTFinal\system\Database\BaseConnection.php(670): CodeIgniter\Database\MySQLi\Connection->execute('SELECT *\nFROM `...')
#2 C:\xampp\htdocs\UF2-ACTFinal\system\Database\BaseConnection.php(598): CodeIgniter\Database\BaseConnection->simpleQuery('SELECT *\nFROM `...')
#3 C:\xampp\htdocs\UF2-ACTFinal\system\Database\BaseBuilder.php(1455): CodeIgniter\Database\BaseConnection->query('SELECT *\nFROM `...', Array, false)
#4 C:\xampp\htdocs\UF2-ACTFinal\system\Model.php(183): CodeIgniter\Database\BaseBuilder->get()
#5 C:\xampp\htdocs\UF2-ACTFinal\system\BaseModel.php(584): CodeIgniter\Model->doFindAll(0, 0)
#6 C:\xampp\htdocs\UF2-ACTFinal\app\Controllers\Dashboard.php(29): CodeIgniter\BaseModel->findAll()
#7 C:\xampp\htdocs\UF2-ACTFinal\system\CodeIgniter.php(832): App\Controllers\Dashboard->index()
#8 C:\xampp\htdocs\UF2-ACTFinal\system\CodeIgniter.php(419): CodeIgniter\CodeIgniter->runController(Object(App\Controllers\Dashboard))
#9 C:\xampp\htdocs\UF2-ACTFinal\system\CodeIgniter.php(326): CodeIgniter\CodeIgniter->handleRequest(NULL, Object(Config\Cache), false)
#10 C:\xampp\htdocs\UF2-ACTFinal\public\index.php(37): CodeIgniter\CodeIgniter->run()
#11 {main}
CRITICAL - 2022-05-03 06:18:01 --> Undefined variable: datacompartir
#0 C:\xampp\htdocs\UF2-ACTFinal\app\Controllers\Dashboard.php(31): CodeIgniter\Debug\Exceptions->errorHandler(8, 'Undefined varia...', 'C:\\xampp\\htdocs...', 31, Array)
#1 C:\xampp\htdocs\UF2-ACTFinal\system\CodeIgniter.php(832): App\Controllers\Dashboard->index()
#2 C:\xampp\htdocs\UF2-ACTFinal\system\CodeIgniter.php(419): CodeIgniter\CodeIgniter->runController(Object(App\Controllers\Dashboard))
#3 C:\xampp\htdocs\UF2-ACTFinal\system\CodeIgniter.php(326): CodeIgniter\CodeIgniter->handleRequest(NULL, Object(Config\Cache), false)
#4 C:\xampp\htdocs\UF2-ACTFinal\public\index.php(37): CodeIgniter\CodeIgniter->run()
#5 {main}
CRITICAL - 2022-05-03 06:36:01 --> Unknown column 'jpa' in 'where clause'
#0 C:\xampp\htdocs\UF2-ACTFinal\app\Views\app\index.php(80): mysqli_query(Object(mysqli), 'select * from f...')
#1 C:\xampp\htdocs\UF2-ACTFinal\system\View\View.php(210): include('C:\\xampp\\htdocs...')
#2 C:\xampp\htdocs\UF2-ACTFinal\system\View\View.php(213): CodeIgniter\View\View->CodeIgniter\View\{closure}()
#3 C:\xampp\htdocs\UF2-ACTFinal\system\Common.php(1089): CodeIgniter\View\View->render('app/index', Array, true)
#4 C:\xampp\htdocs\UF2-ACTFinal\app\Controllers\Dashboard.php(33): view('app/index', Array)
#5 C:\xampp\htdocs\UF2-ACTFinal\system\CodeIgniter.php(832): App\Controllers\Dashboard->index()
#6 C:\xampp\htdocs\UF2-ACTFinal\system\CodeIgniter.php(419): CodeIgniter\CodeIgniter->runController(Object(App\Controllers\Dashboard))
#7 C:\xampp\htdocs\UF2-ACTFinal\system\CodeIgniter.php(326): CodeIgniter\CodeIgniter->handleRequest(NULL, Object(Config\Cache), false)
#8 C:\xampp\htdocs\UF2-ACTFinal\public\index.php(37): CodeIgniter\CodeIgniter->run()
#9 {main}
CRITICAL - 2022-05-03 06:36:40 --> Unknown column 'jpa' in 'where clause'
#0 C:\xampp\htdocs\UF2-ACTFinal\app\Views\app\index.php(80): mysqli_query(Object(mysqli), 'select * from f...')
#1 C:\xampp\htdocs\UF2-ACTFinal\system\View\View.php(210): include('C:\\xampp\\htdocs...')
#2 C:\xampp\htdocs\UF2-ACTFinal\system\View\View.php(213): CodeIgniter\View\View->CodeIgniter\View\{closure}()
#3 C:\xampp\htdocs\UF2-ACTFinal\system\Common.php(1089): CodeIgniter\View\View->render('app/index', Array, true)
#4 C:\xampp\htdocs\UF2-ACTFinal\app\Controllers\Dashboard.php(33): view('app/index', Array)
#5 C:\xampp\htdocs\UF2-ACTFinal\system\CodeIgniter.php(832): App\Controllers\Dashboard->index()
#6 C:\xampp\htdocs\UF2-ACTFinal\system\CodeIgniter.php(419): CodeIgniter\CodeIgniter->runController(Object(App\Controllers\Dashboard))
#7 C:\xampp\htdocs\UF2-ACTFinal\system\CodeIgniter.php(326): CodeIgniter\CodeIgniter->handleRequest(NULL, Object(Config\Cache), false)
#8 C:\xampp\htdocs\UF2-ACTFinal\public\index.php(37): CodeIgniter\CodeIgniter->run()
#9 {main}
CRITICAL - 2022-05-03 06:37:24 --> Array to string conversion
#0 C:\xampp\htdocs\UF2-ACTFinal\app\Views\app\index.php(79): CodeIgniter\Debug\Exceptions->errorHandler(8, 'Array to string...', 'C:\\xampp\\htdocs...', 79, Array)
#1 C:\xampp\htdocs\UF2-ACTFinal\system\View\View.php(210): include('C:\\xampp\\htdocs...')
#2 C:\xampp\htdocs\UF2-ACTFinal\system\View\View.php(213): CodeIgniter\View\View->CodeIgniter\View\{closure}()
#3 C:\xampp\htdocs\UF2-ACTFinal\system\Common.php(1089): CodeIgniter\View\View->render('app/index', Array, true)
#4 C:\xampp\htdocs\UF2-ACTFinal\app\Controllers\Dashboard.php(33): view('app/index', Array)
#5 C:\xampp\htdocs\UF2-ACTFinal\system\CodeIgniter.php(832): App\Controllers\Dashboard->index()
#6 C:\xampp\htdocs\UF2-ACTFinal\system\CodeIgniter.php(419): CodeIgniter\CodeIgniter->runController(Object(App\Controllers\Dashboard))
#7 C:\xampp\htdocs\UF2-ACTFinal\system\CodeIgniter.php(326): CodeIgniter\CodeIgniter->handleRequest(NULL, Object(Config\Cache), false)
#8 C:\xampp\htdocs\UF2-ACTFinal\public\index.php(37): CodeIgniter\CodeIgniter->run()
#9 {main}
CRITICAL - 2022-05-03 06:37:34 --> Array to string conversion
#0 C:\xampp\htdocs\UF2-ACTFinal\app\Views\app\index.php(79): CodeIgniter\Debug\Exceptions->errorHandler(8, 'Array to string...', 'C:\\xampp\\htdocs...', 79, Array)
#1 C:\xampp\htdocs\UF2-ACTFinal\system\View\View.php(210): include('C:\\xampp\\htdocs...')
#2 C:\xampp\htdocs\UF2-ACTFinal\system\View\View.php(213): CodeIgniter\View\View->CodeIgniter\View\{closure}()
#3 C:\xampp\htdocs\UF2-ACTFinal\system\Common.php(1089): CodeIgniter\View\View->render('app/index', Array, true)
#4 C:\xampp\htdocs\UF2-ACTFinal\app\Controllers\Dashboard.php(33): view('app/index', Array)
#5 C:\xampp\htdocs\UF2-ACTFinal\system\CodeIgniter.php(832): App\Controllers\Dashboard->index()
#6 C:\xampp\htdocs\UF2-ACTFinal\system\CodeIgniter.php(419): CodeIgniter\CodeIgniter->runController(Object(App\Controllers\Dashboard))
#7 C:\xampp\htdocs\UF2-ACTFinal\system\CodeIgniter.php(326): CodeIgniter\CodeIgniter->handleRequest(NULL, Object(Config\Cache), false)
#8 C:\xampp\htdocs\UF2-ACTFinal\public\index.php(37): CodeIgniter\CodeIgniter->run()
#9 {main}
CRITICAL - 2022-05-03 06:44:45 --> Column 'codiF' in where clause is ambiguous
#0 C:\xampp\htdocs\UF2-ACTFinal\app\Views\app\index.php(80): mysqli_query(Object(mysqli), 'select * from f...')
#1 C:\xampp\htdocs\UF2-ACTFinal\system\View\View.php(210): include('C:\\xampp\\htdocs...')
#2 C:\xampp\htdocs\UF2-ACTFinal\system\View\View.php(213): CodeIgniter\View\View->CodeIgniter\View\{closure}()
#3 C:\xampp\htdocs\UF2-ACTFinal\system\Common.php(1089): CodeIgniter\View\View->render('app/index', Array, true)
#4 C:\xampp\htdocs\UF2-ACTFinal\app\Controllers\Dashboard.php(33): view('app/index', Array)
#5 C:\xampp\htdocs\UF2-ACTFinal\system\CodeIgniter.php(832): App\Controllers\Dashboard->index()
#6 C:\xampp\htdocs\UF2-ACTFinal\system\CodeIgniter.php(419): CodeIgniter\CodeIgniter->runController(Object(App\Controllers\Dashboard))
#7 C:\xampp\htdocs\UF2-ACTFinal\system\CodeIgniter.php(326): CodeIgniter\CodeIgniter->handleRequest(NULL, Object(Config\Cache), false)
#8 C:\xampp\htdocs\UF2-ACTFinal\public\index.php(37): CodeIgniter\CodeIgniter->run()
#9 {main}
CRITICAL - 2022-05-03 06:49:24 --> Undefined index: codiF
#0 C:\xampp\htdocs\UF2-ACTFinal\app\Views\app\index.php(79): CodeIgniter\Debug\Exceptions->errorHandler(8, 'Undefined index...', 'C:\\xampp\\htdocs...', 79, Array)
#1 C:\xampp\htdocs\UF2-ACTFinal\system\View\View.php(210): include('C:\\xampp\\htdocs...')
#2 C:\xampp\htdocs\UF2-ACTFinal\system\View\View.php(213): CodeIgniter\View\View->CodeIgniter\View\{closure}()
#3 C:\xampp\htdocs\UF2-ACTFinal\system\Common.php(1089): CodeIgniter\View\View->render('app/index', Array, true)
#4 C:\xampp\htdocs\UF2-ACTFinal\app\Controllers\Dashboard.php(33): view('app/index', Array)
#5 C:\xampp\htdocs\UF2-ACTFinal\system\CodeIgniter.php(832): App\Controllers\Dashboard->index()
#6 C:\xampp\htdocs\UF2-ACTFinal\system\CodeIgniter.php(419): CodeIgniter\CodeIgniter->runController(Object(App\Controllers\Dashboard))
#7 C:\xampp\htdocs\UF2-ACTFinal\system\CodeIgniter.php(326): CodeIgniter\CodeIgniter->handleRequest(NULL, Object(Config\Cache), false)
#8 C:\xampp\htdocs\UF2-ACTFinal\public\index.php(37): CodeIgniter\CodeIgniter->run()
#9 {main}
CRITICAL - 2022-05-03 06:49:48 --> Trying to get property 'codiF' of non-object
#0 C:\xampp\htdocs\UF2-ACTFinal\app\Views\app\index.php(79): CodeIgniter\Debug\Exceptions->errorHandler(8, 'Trying to get p...', 'C:\\xampp\\htdocs...', 79, Array)
#1 C:\xampp\htdocs\UF2-ACTFinal\system\View\View.php(210): include('C:\\xampp\\htdocs...')
#2 C:\xampp\htdocs\UF2-ACTFinal\system\View\View.php(213): CodeIgniter\View\View->CodeIgniter\View\{closure}()
#3 C:\xampp\htdocs\UF2-ACTFinal\system\Common.php(1089): CodeIgniter\View\View->render('app/index', Array, true)
#4 C:\xampp\htdocs\UF2-ACTFinal\app\Controllers\Dashboard.php(33): view('app/index', Array)
#5 C:\xampp\htdocs\UF2-ACTFinal\system\CodeIgniter.php(832): App\Controllers\Dashboard->index()
#6 C:\xampp\htdocs\UF2-ACTFinal\system\CodeIgniter.php(419): CodeIgniter\CodeIgniter->runController(Object(App\Controllers\Dashboard))
#7 C:\xampp\htdocs\UF2-ACTFinal\system\CodeIgniter.php(326): CodeIgniter\CodeIgniter->handleRequest(NULL, Object(Config\Cache), false)
#8 C:\xampp\htdocs\UF2-ACTFinal\public\index.php(37): CodeIgniter\CodeIgniter->run()
#9 {main}
CRITICAL - 2022-05-03 06:50:14 --> Undefined variable: sql
#0 C:\xampp\htdocs\UF2-ACTFinal\app\Views\app\index.php(81): CodeIgniter\Debug\Exceptions->errorHandler(8, 'Undefined varia...', 'C:\\xampp\\htdocs...', 81, Array)
#1 C:\xampp\htdocs\UF2-ACTFinal\system\View\View.php(210): include('C:\\xampp\\htdocs...')
#2 C:\xampp\htdocs\UF2-ACTFinal\system\View\View.php(213): CodeIgniter\View\View->CodeIgniter\View\{closure}()
#3 C:\xampp\htdocs\UF2-ACTFinal\system\Common.php(1089): CodeIgniter\View\View->render('app/index', Array, true)
#4 C:\xampp\htdocs\UF2-ACTFinal\app\Controllers\Dashboard.php(33): view('app/index', Array)
#5 C:\xampp\htdocs\UF2-ACTFinal\system\CodeIgniter.php(832): App\Controllers\Dashboard->index()
#6 C:\xampp\htdocs\UF2-ACTFinal\system\CodeIgniter.php(419): CodeIgniter\CodeIgniter->runController(Object(App\Controllers\Dashboard))
#7 C:\xampp\htdocs\UF2-ACTFinal\system\CodeIgniter.php(326): CodeIgniter\CodeIgniter->handleRequest(NULL, Object(Config\Cache), false)
#8 C:\xampp\htdocs\UF2-ACTFinal\public\index.php(37): CodeIgniter\CodeIgniter->run()
#9 {main}
CRITICAL - 2022-05-03 06:50:24 --> Array to string conversion
#0 C:\xampp\htdocs\UF2-ACTFinal\app\Views\app\index.php(80): CodeIgniter\Debug\Exceptions->errorHandler(8, 'Array to string...', 'C:\\xampp\\htdocs...', 80, Array)
#1 C:\xampp\htdocs\UF2-ACTFinal\system\View\View.php(210): include('C:\\xampp\\htdocs...')
#2 C:\xampp\htdocs\UF2-ACTFinal\system\View\View.php(213): CodeIgniter\View\View->CodeIgniter\View\{closure}()
#3 C:\xampp\htdocs\UF2-ACTFinal\system\Common.php(1089): CodeIgniter\View\View->render('app/index', Array, true)
#4 C:\xampp\htdocs\UF2-ACTFinal\app\Controllers\Dashboard.php(33): view('app/index', Array)
#5 C:\xampp\htdocs\UF2-ACTFinal\system\CodeIgniter.php(832): App\Controllers\Dashboard->index()
#6 C:\xampp\htdocs\UF2-ACTFinal\system\CodeIgniter.php(419): CodeIgniter\CodeIgniter->runController(Object(App\Controllers\Dashboard))
#7 C:\xampp\htdocs\UF2-ACTFinal\system\CodeIgniter.php(326): CodeIgniter\CodeIgniter->handleRequest(NULL, Object(Config\Cache), false)
#8 C:\xampp\htdocs\UF2-ACTFinal\public\index.php(37): CodeIgniter\CodeIgniter->run()
#9 {main}
CRITICAL - 2022-05-03 06:52:18 --> Undefined index: codiF
#0 C:\xampp\htdocs\UF2-ACTFinal\app\Views\app\index.php(79): CodeIgniter\Debug\Exceptions->errorHandler(8, 'Undefined index...', 'C:\\xampp\\htdocs...', 79, Array)
#1 C:\xampp\htdocs\UF2-ACTFinal\system\View\View.php(210): include('C:\\xampp\\htdocs...')
#2 C:\xampp\htdocs\UF2-ACTFinal\system\View\View.php(213): CodeIgniter\View\View->CodeIgniter\View\{closure}()
#3 C:\xampp\htdocs\UF2-ACTFinal\system\Common.php(1089): CodeIgniter\View\View->render('app/index', Array, true)
#4 C:\xampp\htdocs\UF2-ACTFinal\app\Controllers\Dashboard.php(33): view('app/index', Array)
#5 C:\xampp\htdocs\UF2-ACTFinal\system\CodeIgniter.php(832): App\Controllers\Dashboard->index()
#6 C:\xampp\htdocs\UF2-ACTFinal\system\CodeIgniter.php(419): CodeIgniter\CodeIgniter->runController(Object(App\Controllers\Dashboard))
#7 C:\xampp\htdocs\UF2-ACTFinal\system\CodeIgniter.php(326): CodeIgniter\CodeIgniter->handleRequest(NULL, Object(Config\Cache), false)
#8 C:\xampp\htdocs\UF2-ACTFinal\public\index.php(37): CodeIgniter\CodeIgniter->run()
#9 {main}
CRITICAL - 2022-05-03 07:32:59 --> Undefined variable: errors
#0 C:\xampp\htdocs\UF2-ACTFinal\app\Views\app\index.php(38): CodeIgniter\Debug\Exceptions->errorHandler(8, 'Undefined varia...', 'C:\\xampp\\htdocs...', 38, Array)
#1 C:\xampp\htdocs\UF2-ACTFinal\system\View\View.php(210): include('C:\\xampp\\htdocs...')
#2 C:\xampp\htdocs\UF2-ACTFinal\system\View\View.php(213): CodeIgniter\View\View->CodeIgniter\View\{closure}()
#3 C:\xampp\htdocs\UF2-ACTFinal\system\Common.php(1089): CodeIgniter\View\View->render('app/index', Array, true)
#4 C:\xampp\htdocs\UF2-ACTFinal\app\Controllers\Dashboard.php(33): view('app/index', Array)
#5 C:\xampp\htdocs\UF2-ACTFinal\system\CodeIgniter.php(832): App\Controllers\Dashboard->index()
#6 C:\xampp\htdocs\UF2-ACTFinal\system\CodeIgniter.php(419): CodeIgniter\CodeIgniter->runController(Object(App\Controllers\Dashboard))
#7 C:\xampp\htdocs\UF2-ACTFinal\system\CodeIgniter.php(326): CodeIgniter\CodeIgniter->handleRequest(NULL, Object(Config\Cache), false)
#8 C:\xampp\htdocs\UF2-ACTFinal\public\index.php(37): CodeIgniter\CodeIgniter->run()
#9 {main}
CRITICAL - 2022-05-03 07:34:22 --> Undefined variable: errors
#0 C:\xampp\htdocs\UF2-ACTFinal\app\Views\app\index.php(38): CodeIgniter\Debug\Exceptions->errorHandler(8, 'Undefined varia...', 'C:\\xampp\\htdocs...', 38, Array)
#1 C:\xampp\htdocs\UF2-ACTFinal\system\View\View.php(210): include('C:\\xampp\\htdocs...')
#2 C:\xampp\htdocs\UF2-ACTFinal\system\View\View.php(213): CodeIgniter\View\View->CodeIgniter\View\{closure}()
#3 C:\xampp\htdocs\UF2-ACTFinal\system\Common.php(1089): CodeIgniter\View\View->render('app/index', Array, true)
#4 C:\xampp\htdocs\UF2-ACTFinal\app\Controllers\Dashboard.php(33): view('app/index', Array)
#5 C:\xampp\htdocs\UF2-ACTFinal\system\CodeIgniter.php(832): App\Controllers\Dashboard->index()
#6 C:\xampp\htdocs\UF2-ACTFinal\system\CodeIgniter.php(419): CodeIgniter\CodeIgniter->runController(Object(App\Controllers\Dashboard))
#7 C:\xampp\htdocs\UF2-ACTFinal\system\CodeIgniter.php(326): CodeIgniter\CodeIgniter->handleRequest(NULL, Object(Config\Cache), false)
#8 C:\xampp\htdocs\UF2-ACTFinal\public\index.php(37): CodeIgniter\CodeIgniter->run()
#9 {main}
CRITICAL - 2022-05-03 07:37:56 --> Undefined variable: nomF
#0 C:\xampp\htdocs\UF2-ACTFinal\app\Views\app\succes.php(15): CodeIgniter\Debug\Exceptions->errorHandler(8, 'Undefined varia...', 'C:\\xampp\\htdocs...', 15, Array)
#1 C:\xampp\htdocs\UF2-ACTFinal\system\View\View.php(210): include('C:\\xampp\\htdocs...')
#2 C:\xampp\htdocs\UF2-ACTFinal\system\View\View.php(213): CodeIgniter\View\View->CodeIgniter\View\{closure}()
#3 C:\xampp\htdocs\UF2-ACTFinal\system\Common.php(1089): CodeIgniter\View\View->render('app/succes', Array, true)
#4 C:\xampp\htdocs\UF2-ACTFinal\app\Controllers\Dashboard.php(70): view('app/succes', Array)
#5 C:\xampp\htdocs\UF2-ACTFinal\system\CodeIgniter.php(832): App\Controllers\Dashboard->upload()
#6 C:\xampp\htdocs\UF2-ACTFinal\system\CodeIgniter.php(419): CodeIgniter\CodeIgniter->runController(Object(App\Controllers\Dashboard))
#7 C:\xampp\htdocs\UF2-ACTFinal\system\CodeIgniter.php(326): CodeIgniter\CodeIgniter->handleRequest(NULL, Object(Config\Cache), false)
#8 C:\xampp\htdocs\UF2-ACTFinal\public\index.php(37): CodeIgniter\CodeIgniter->run()
#9 {main}
ERROR - 2022-05-03 10:25:10 --> Duplicate entry '29-u001' for key 'PRIMARY'
CRITICAL - 2022-05-03 10:25:10 --> Duplicate entry '29-u001' for key 'PRIMARY'
#0 C:\xampp\htdocs\UF2-ACTFinal\system\Database\MySQLi\Connection.php(292): mysqli->query('INSERT INTO `co...', 0)
#1 C:\xampp\htdocs\UF2-ACTFinal\system\Database\BaseConnection.php(670): CodeIgniter\Database\MySQLi\Connection->execute('INSERT INTO `co...')
#2 C:\xampp\htdocs\UF2-ACTFinal\system\Database\BaseConnection.php(598): CodeIgniter\Database\BaseConnection->simpleQuery('INSERT INTO `co...')
#3 C:\xampp\htdocs\UF2-ACTFinal\system\Database\BaseBuilder.php(1771): CodeIgniter\Database\BaseConnection->query('INSERT INTO `co...', Array, false)
#4 C:\xampp\htdocs\UF2-ACTFinal\system\Model.php(239): CodeIgniter\Database\BaseBuilder->insert()
#5 C:\xampp\htdocs\UF2-ACTFinal\system\BaseModel.php(738): CodeIgniter\Model->doInsert(Array)
#6 C:\xampp\htdocs\UF2-ACTFinal\system\Model.php(625): CodeIgniter\BaseModel->insert(Array, true)
#7 C:\xampp\htdocs\UF2-ACTFinal\app\Controllers\Dashboard.php(110): CodeIgniter\Model->insert(Array)
#8 C:\xampp\htdocs\UF2-ACTFinal\system\CodeIgniter.php(832): App\Controllers\Dashboard->compartir()
#9 C:\xampp\htdocs\UF2-ACTFinal\system\CodeIgniter.php(419): CodeIgniter\CodeIgniter->runController(Object(App\Controllers\Dashboard))
#10 C:\xampp\htdocs\UF2-ACTFinal\system\CodeIgniter.php(326): CodeIgniter\CodeIgniter->handleRequest(NULL, Object(Config\Cache), false)
#11 C:\xampp\htdocs\UF2-ACTFinal\public\index.php(37): CodeIgniter\CodeIgniter->run()
#12 {main}
ERROR - 2022-05-03 10:28:42 --> Column 'codiF' cannot be null
CRITICAL - 2022-05-03 10:28:42 --> Column 'codiF' cannot be null
#0 C:\xampp\htdocs\UF2-ACTFinal\system\Database\MySQLi\Connection.php(292): mysqli->query('INSERT INTO `co...', 0)
#1 C:\xampp\htdocs\UF2-ACTFinal\system\Database\BaseConnection.php(670): CodeIgniter\Database\MySQLi\Connection->execute('INSERT INTO `co...')
#2 C:\xampp\htdocs\UF2-ACTFinal\system\Database\BaseConnection.php(598): CodeIgniter\Database\BaseConnection->simpleQuery('INSERT INTO `co...')
#3 C:\xampp\htdocs\UF2-ACTFinal\system\Database\BaseBuilder.php(1771): CodeIgniter\Database\BaseConnection->query('INSERT INTO `co...', Array, false)
#4 C:\xampp\htdocs\UF2-ACTFinal\system\Model.php(239): CodeIgniter\Database\BaseBuilder->insert()
#5 C:\xampp\htdocs\UF2-ACTFinal\system\BaseModel.php(738): CodeIgniter\Model->doInsert(Array)
#6 C:\xampp\htdocs\UF2-ACTFinal\system\Model.php(625): CodeIgniter\BaseModel->insert(Array, true)
#7 C:\xampp\htdocs\UF2-ACTFinal\app\Controllers\Dashboard.php(110): CodeIgniter\Model->insert(Array)
#8 C:\xampp\htdocs\UF2-ACTFinal\system\CodeIgniter.php(832): App\Controllers\Dashboard->compartir()
#9 C:\xampp\htdocs\UF2-ACTFinal\system\CodeIgniter.php(419): CodeIgniter\CodeIgniter->runController(Object(App\Controllers\Dashboard))
#10 C:\xampp\htdocs\UF2-ACTFinal\system\CodeIgniter.php(326): CodeIgniter\CodeIgniter->handleRequest(NULL, Object(Config\Cache), false)
#11 C:\xampp\htdocs\UF2-ACTFinal\public\index.php(37): CodeIgniter\CodeIgniter->run()
#12 {main}
ERROR - 2022-05-03 10:28:45 --> Column 'codiF' cannot be null
CRITICAL - 2022-05-03 10:28:45 --> Column 'codiF' cannot be null
#0 C:\xampp\htdocs\UF2-ACTFinal\system\Database\MySQLi\Connection.php(292): mysqli->query('INSERT INTO `co...', 0)
#1 C:\xampp\htdocs\UF2-ACTFinal\system\Database\BaseConnection.php(670): CodeIgniter\Database\MySQLi\Connection->execute('INSERT INTO `co...')
#2 C:\xampp\htdocs\UF2-ACTFinal\system\Database\BaseConnection.php(598): CodeIgniter\Database\BaseConnection->simpleQuery('INSERT INTO `co...')
#3 C:\xampp\htdocs\UF2-ACTFinal\system\Database\BaseBuilder.php(1771): CodeIgniter\Database\BaseConnection->query('INSERT INTO `co...', Array, false)
#4 C:\xampp\htdocs\UF2-ACTFinal\system\Model.php(239): CodeIgniter\Database\BaseBuilder->insert()
#5 C:\xampp\htdocs\UF2-ACTFinal\system\BaseModel.php(738): CodeIgniter\Model->doInsert(Array)
#6 C:\xampp\htdocs\UF2-ACTFinal\system\Model.php(625): CodeIgniter\BaseModel->insert(Array, true)
#7 C:\xampp\htdocs\UF2-ACTFinal\app\Controllers\Dashboard.php(110): CodeIgniter\Model->insert(Array)
#8 C:\xampp\htdocs\UF2-ACTFinal\system\CodeIgniter.php(832): App\Controllers\Dashboard->compartir()
#9 C:\xampp\htdocs\UF2-ACTFinal\system\CodeIgniter.php(419): CodeIgniter\CodeIgniter->runController(Object(App\Controllers\Dashboard))
#10 C:\xampp\htdocs\UF2-ACTFinal\system\CodeIgniter.php(326): CodeIgniter\CodeIgniter->handleRequest(NULL, Object(Config\Cache), false)
#11 C:\xampp\htdocs\UF2-ACTFinal\public\index.php(37): CodeIgniter\CodeIgniter->run()
#12 {main}
